[2m8:13:26 PM[22m [31m[1m[vite][22m[39m [31m[2m(client)[22m[39m Pre-transform error: Failed to resolve import "./App.jsx" from "src/main.jsx". Does the file exist?
  Plugin: [35mvite:import-analysis[39m
  File: [36mD:/sahanap/src/main.jsx[39m:4:16
[33m  2  |  import { createRoot } from "react-dom/client";
  3  |  import "./index.css";
  4  |  import App from "./App.jsx";
     |                   ^
  5  |  import { AuthProvider } from "./contexts/AuthContext.jsx";
  6  |  var _jsxFileName = "D:/sahanap/src/main.jsx";[39m
[2m8:13:26 PM[22m [31m[1m[vite][22m[39m [31m[2m(client)[22m[39m [2m[console.error] [22m[vite] Failed to reload /src/App.jsx. This could be due to syntax errors or importing non-existent modules. (see errors above)
[2m8:13:26 PM[22m [31m[1m[vite][22m[39m [31m[2m(client)[22m[39m [2m[console.error] [22m[vite] Failed to reload /src/App.jsx. This could be due to syntax errors or importing non-existent modules. (see errors above)
[2m8:13:26 PM[22m [31m[1m[vite][22m[39m [31m[2m(client)[22m[39m Pre-transform error: Failed to resolve import "./App.jsx" from "src/main.jsx". Does the file exist?
  Plugin: [35mvite:import-analysis[39m
  File: [36mD:/sahanap/src/main.jsx[39m:4:16
[33m  2  |  import { createRoot } from "react-dom/client";
  3  |  import "./index.css";
  4  |  import App from "./App.jsx";
     |                   ^
  5  |  import { AuthProvider } from "./contexts/AuthContext.jsx";
  6  |  var _jsxFileName = "D:/sahanap/src/main.jsx";[39m
[2m8:13:26 PM[22m [31m[1m[vite][22m[39m [31mInternal server error: Failed to resolve import "./App.jsx" from "src/main.jsx". Does the file exist?[39m
  Plugin: [35mvite:import-analysis[39m
  File: [36mD:/sahanap/src/main.jsx[39m:4:16
[33m  2  |  import { createRoot } from "react-dom/client";
  3  |  import "./index.css";
  4  |  import App from "./App.jsx";
     |                   ^
  5  |  import { AuthProvider } from "./contexts/AuthContext.jsx";
  6  |  var _jsxFileName = "D:/sahanap/src/main.jsx";[39m
      at TransformPluginContext._formatLog (file:///D:/sahanap/node_modules/vite/dist/node/chunks/node.js:30375:39)
      at TransformPluginContext.error (file:///D:/sahanap/node_modules/vite/dist/node/chunks/node.js:30372:14)
      at normalizeUrl (file:///D:/sahanap/node_modules/vite/dist/node/chunks/node.js:27654:18)
      at async file:///D:/sahanap/node_modules/vite/dist/node/chunks/node.js:27717:30
      at async Promise.all (index 3)
      at async TransformPluginContext.transform (file:///D:/sahanap/node_modules/vite/dist/node/chunks/node.js:27685:4)
      at async EnvironmentPluginContainer.transform (file:///D:/sahanap/node_modules/vite/dist/node/chunks/node.js:30164:14)
      at async loadAndTransform (file:///D:/sahanap/node_modules/vite/dist/node/chunks/node.js:24512:26)
      at async viteTransformMiddleware (file:///D:/sahanap/node_modules/vite/dist/node/chunks/node.js:24306:20)
[2m8:13:26 PM[22m [31m[1m[vite][22m[39m [31mInternal server error: Failed to resolve import "./App.jsx" from "src/main.jsx". Does the file exist?[39m
  Plugin: [35mvite:import-analysis[39m
  File: [36mD:/sahanap/src/main.jsx[39m:4:16
[33m  2  |  import { createRoot } from "react-dom/client";
  3  |  import "./index.css";
  4  |  import App from "./App.jsx";
     |                   ^
  5  |  import { AuthProvider } from "./contexts/AuthContext.jsx";
  6  |  var _jsxFileName = "D:/sahanap/src/main.jsx";[39m
      at TransformPluginContext._formatLog (file:///D:/sahanap/node_modules/vite/dist/node/chunks/node.js:30375:39)
      at TransformPluginContext.error (file:///D:/sahanap/node_modules/vite/dist/node/chunks/node.js:30372:14)
      at normalizeUrl (file:///D:/sahanap/node_modules/vite/dist/node/chunks/node.js:27654:18)
      at async file:///D:/sahanap/node_modules/vite/dist/node/chunks/node.js:27717:30
      at async Promise.all (index 3)
      at async TransformPluginContext.transform (file:///D:/sahanap/node_modules/vite/dist/node/chunks/node.js:27685:4)
      at async EnvironmentPluginContainer.transform (file:///D:/sahanap/node_modules/vite/dist/node/chunks/node.js:30164:14)
      at async loadAndTransform (file:///D:/sahanap/node_modules/vite/dist/node/chunks/node.js:24512:26)
      at async viteTransformMiddleware (file:///D:/sahanap/node_modules/vite/dist/node/chunks/node.js:24306:20)
[2m8:22:39 PM[22m [31m[1m[vite][22m[39m [31m[2m(client)[22m[39m Pre-transform error: Failed to resolve import "./index.css" from "src/main.jsx". Does the file exist?
  Plugin: [35mvite:import-analysis[39m
  File: [36mD:/sahanap/src/main.jsx[39m:3:7
[33m  1  |  import { StrictMode } from "react";
  2  |  import { createRoot } from "react-dom/client";
  3  |  import "./index.css";
     |          ^
  4  |  import App from "./App.jsx";
  5  |  import { AuthProvider } from "./contexts/AuthContext.jsx";[39m
[2m8:22:39 PM[22m [31m[1m[vite][22m[39m [31mInternal server error: Failed to resolve import "./index.css" from "src/main.jsx". Does the file exist?[39m
  Plugin: [35mvite:import-analysis[39m
  File: [36mD:/sahanap/src/main.jsx[39m:3:7
[33m  1  |  import { StrictMode } from "react";
  2  |  import { createRoot } from "react-dom/client";
  3  |  import "./index.css";
     |          ^
  4  |  import App from "./App.jsx";
  5  |  import { AuthProvider } from "./contexts/AuthContext.jsx";[39m
      at TransformPluginContext._formatLog (file:///D:/sahanap/node_modules/vite/dist/node/chunks/node.js:30375:39)
      at TransformPluginContext.error (file:///D:/sahanap/node_modules/vite/dist/node/chunks/node.js:30372:14)
      at normalizeUrl (file:///D:/sahanap/node_modules/vite/dist/node/chunks/node.js:27654:18)
      at async file:///D:/sahanap/node_modules/vite/dist/node/chunks/node.js:27717:30
      at async Promise.all (index 2)
      at async TransformPluginContext.transform (file:///D:/sahanap/node_modules/vite/dist/node/chunks/node.js:27685:4)
      at async EnvironmentPluginContainer.transform (file:///D:/sahanap/node_modules/vite/dist/node/chunks/node.js:30164:14)
      at async loadAndTransform (file:///D:/sahanap/node_modules/vite/dist/node/chunks/node.js:24512:26)
      at async viteTransformMiddleware (file:///D:/sahanap/node_modules/vite/dist/node/chunks/node.js:24306:20)
[2m8:22:39 PM[22m [31m[1m[vite][22m[39m [31m[2m(client)[22m[39m Pre-transform error: Failed to resolve import "./index.css" from "src/main.jsx". Does the file exist?
  Plugin: [35mvite:import-analysis[39m
  File: [36mD:/sahanap/src/main.jsx[39m:3:7
[33m  1  |  import { StrictMode } from "react";
  2  |  import { createRoot } from "react-dom/client";
  3  |  import "./index.css";
     |          ^
  4  |  import App from "./App.jsx";
  5  |  import { AuthProvider } from "./contexts/AuthContext.jsx";[39m
[2m8:22:39 PM[22m [31m[1m[vite][22m[39m [31mInternal server error: Failed to resolve import "./index.css" from "src/main.jsx". Does the file exist?[39m
  Plugin: [35mvite:import-analysis[39m
  File: [36mD:/sahanap/src/main.jsx[39m:3:7
[33m  1  |  import { StrictMode } from "react";
  2  |  import { createRoot } from "react-dom/client";
  3  |  import "./index.css";
     |          ^
  4  |  import App from "./App.jsx";
  5  |  import { AuthProvider } from "./contexts/AuthContext.jsx";[39m
      at TransformPluginContext._formatLog (file:///D:/sahanap/node_modules/vite/dist/node/chunks/node.js:30375:39)
      at TransformPluginContext.error (file:///D:/sahanap/node_modules/vite/dist/node/chunks/node.js:30372:14)
      at normalizeUrl (file:///D:/sahanap/node_modules/vite/dist/node/chunks/node.js:27654:18)
      at async file:///D:/sahanap/node_modules/vite/dist/node/chunks/node.js:27717:30
      at async Promise.all (index 2)
      at async TransformPluginContext.transform (file:///D:/sahanap/node_modules/vite/dist/node/chunks/node.js:27685:4)
      at async EnvironmentPluginContainer.transform (file:///D:/sahanap/node_modules/vite/dist/node/chunks/node.js:30164:14)
      at async loadAndTransform (file:///D:/sahanap/node_modules/vite/dist/node/chunks/node.js:24512:26)
      at async viteTransformMiddleware (file:///D:/sahanap/node_modules/vite/dist/node/chunks/node.js:24306:20)
[2m8:22:51 PM[22m [31m[1m[vite][22m[39m [31m[2m(client)[22m[39m [2m[console.error] [22m[vite] Failed to reload /src/components/Sidebar.jsx. This could be due to syntax errors or importing non-existent modules. (see errors above)
[2m8:22:51 PM[22m [31m[1m[vite][22m[39m [31m[2m(client)[22m[39m [2m[console.error] [22m[vite] Failed to reload /src/components/Sidebar.jsx. This could be due to syntax errors or importing non-existent modules. (see errors above)
[2m8:22:51 PM[22m [31m[1m[vite][22m[39m [31m[2m(client)[22m[39m [2m[console.error] [22m[vite] Failed to reload /src/components/Board.jsx. This could be due to syntax errors or importing non-existent modules. (see errors above)
[2m8:22:51 PM[22m [31m[1m[vite][22m[39m [31m[2m(client)[22m[39m [2m[console.error] [22m[vite] Failed to reload /src/components/Board.jsx. This could be due to syntax errors or importing non-existent modules. (see errors above)
[2m8:22:51 PM[22m [31m[1m[vite][22m[39m [31m[2m(client)[22m[39m [2m[console.error] [22m[vite] Failed to reload /src/components/ReportsView.jsx. This could be due to syntax errors or importing non-existent modules. (see errors above)
[2m8:22:51 PM[22m [31m[1m[vite][22m[39m [31m[2m(client)[22m[39m [2m[console.error] [22m[vite] Failed to reload /src/components/ReportsView.jsx. This could be due to syntax errors or importing non-existent modules. (see errors above)
[2m8:22:51 PM[22m [31m[1m[vite][22m[39m [31m[2m(client)[22m[39m [2m[console.error] [22m[vite] Failed to reload /src/components/TaskCard.jsx. This could be due to syntax errors or importing non-existent modules. (see errors above)
[2m8:22:51 PM[22m [31m[1m[vite][22m[39m [31m[2m(client)[22m[39m [2m[console.error] [22m[vite] Failed to reload /src/components/TaskCard.jsx. This could be due to syntax errors or importing non-existent modules. (see errors above)
[2m8:22:51 PM[22m [31m[1m[vite][22m[39m [31m[2m(client)[22m[39m [2m[console.error] [22m[vite] Failed to reload /src/components/TaskModal.jsx. This could be due to syntax errors or importing non-existent modules. (see errors above)
[2m8:22:51 PM[22m [31m[1m[vite][22m[39m [31m[2m(client)[22m[39m [2m[console.error] [22m[vite] Failed to reload /src/components/TaskModal.jsx. This could be due to syntax errors or importing non-existent modules. (see errors above)
[2m8:24:09 PM[22m [31m[1m[vite][22m[39m [31m[2m(client)[22m[39m [2m[console.error] [22m[vite] Failed to reload /src/components/AuthScreen.jsx. This could be due to syntax errors or importing non-existent modules. (see errors above)
[2m8:24:09 PM[22m [31m[1m[vite][22m[39m [31m[2m(client)[22m[39m [2m[console.error] [22m[vite] Failed to reload /src/components/AuthScreen.jsx. This could be due to syntax errors or importing non-existent modules. (see errors above)
[2m8:24:09 PM[22m [31m[1m[vite][22m[39m [31m[2m(client)[22m[39m [2m[console.error] [22m[vite] Failed to reload /src/App.jsx. This could be due to syntax errors or importing non-existent modules. (see errors above)
[2m8:24:09 PM[22m [31m[1m[vite][22m[39m [31m[2m(client)[22m[39m [2m[console.error] [22m[vite] Failed to reload /src/App.jsx. This could be due to syntax errors or importing non-existent modules. (see errors above)
[2m8:24:09 PM[22m [31m[1m[vite][22m[39m [31m[2m(client)[22m[39m Pre-transform error: Failed to load url /src/App.jsx (resolved id: D:/sahanap/src/App.jsx) in D:/sahanap/src/main.jsx. Does the file exist?
[2m8:34:10 PM[22m [31m[1m[vite][22m[39m [31m[2m(client)[22m[39m [31merror while updating dependencies:
Error: ENOENT: no such file or directory, open 'D:\sahanap\node_modules\clsx\dist\clsx.mjs'
    at Object.readFileSync (node:fs:441:20)
    at extractExportsData (file:///D:/sahanap/node_modules/vite/dist/node/chunks/node.js:31797:26)
    at async file:///D:/sahanap/node_modules/vite/dist/node/chunks/node.js:31564:23
    at async Promise.all (index 0)
    at async prepareRolldownOptimizerRun (file:///D:/sahanap/node_modules/vite/dist/node/chunks/node.js:31562:2)[39m
[2m8:34:10 PM[22m [31m[1m[vite][22m[39m [31m[2m(client)[22m[39m [2m[console.error] [22m[vite] Failed to reload /src/components/IssueList.jsx. This could be due to syntax errors or importing non-existent modules. (see errors above)
[2m8:34:10 PM[22m [31m[1m[vite][22m[39m [31m[2m(client)[22m[39m [2m[console.error] [22m[vite] Failed to reload /src/components/IssueList.jsx. This could be due to syntax errors or importing non-existent modules. (see errors above)
[2m8:34:10 PM[22m [31m[1m[vite][22m[39m [31m[2m(client)[22m[39m [2m[console.error] [22m[vite] Failed to reload /src/App.jsx. This could be due to syntax errors or importing non-existent modules. (see errors above)
[2m8:34:10 PM[22m [31m[1m[vite][22m[39m [31m[2m(client)[22m[39m [2m[console.error] [22m[vite] Failed to reload /src/App.jsx. This could be due to syntax errors or importing non-existent modules. (see errors above)
[2m8:52:11 PM[22m [31m[1m[vite][22m[39m [31m[2m(client)[22m[39m Pre-transform error: Transform failed with 1 error:

[31m[PARSE_ERROR] Error:[0m Identifier `activeIssueId` has already been declared
     [38;5;246m╭[0m[38;5;246m─[0m[38;5;246m[[0m src/components/IssueList.jsx:123:96 [38;5;246m][0m
     [38;5;246m│[0m
 [38;5;246m123 │[0m [38;5;249mf[0m[38;5;249mu[0m[38;5;249mn[0m[38;5;249mc[0m[38;5;249mt[0m[38;5;249mi[0m[38;5;249mo[0m[38;5;249mn[0m[38;5;249m [0m[38;5;249mI[0m[38;5;249ms[0m[38;5;249ms[0m[38;5;249mu[0m[38;5;249me[0m[38;5;249mL[0m[38;5;249mi[0m[38;5;249ms[0m[38;5;249mt[0m[38;5;249m([0m[38;5;249m{[0m[38;5;249m [0m[38;5;249mi[0m[38;5;249ms[0m[38;5;249ms[0m[38;5;249mu[0m[38;5;249me[0m[38;5;249ms[0m[38;5;249m,[0m[38;5;249m [0m[38;5;249mu[0m[38;5;249ms[0m[38;5;249me[0m[38;5;249mr[0m[38;5;249ms[0m[38;5;249m,[0m[38;5;249m [0m[38;5;249ma[0m[38;5;249mc[0m[38;5;249mt[0m[38;5;249mi[0m[38;5;249mv[0m[38;5;249me[0m[38;5;249mP[0m[38;5;249mr[0m[38;5;249mo[0m[38;5;249mj[0m[38;5;249me[0m[38;5;249mc[0m[38;5;249mt[0m[38;5;249m,[0m[38;5;249m [0m[38;5;249mo[0m[38;5;249mn[0m[38;5;249mC[0m[38;5;249mr[0m[38;5;249me[0m[38;5;249ma[0m[38;5;249mt[0m[38;5;249me[0m[38;5;249mI[0m[38;5;249ms[0m[38;5;249ms[0m[38;5;249mu[0m[38;5;249me[0m[38;5;249m,[0m[38;5;249m [0m[38;5;249mo[0m[38;5;249mn[0m[38;5;249mM[0m[38;5;249mo[0m[38;5;249mv[0m[38;5;249me[0m[38;5;249mI[0m[38;5;249ms[0m[38;5;249ms[0m[38;5;249mu[0m[38;5;249me[0m[38;5;249m,[0m[38;5;249m [0m[38;5;249mc[0m[38;5;249ma[0m[38;5;249mn[0m[38;5;249mC[0m[38;5;249mr[0m[38;5;249me[0m[38;5;249ma[0m[38;5;249mt[0m[38;5;249me[0m[38;5;249mI[0m[38;5;249ms[0m[38;5;249ms[0m[38;5;249mu[0m[38;5;249me[0m[38;5;249m,[0m[38;5;249m [0mactiveIssueId[38;5;249m,[0m[38;5;249m [0m[38;5;249mo[0m[38;5;249mn[0m[38;5;249mS[0m[38;5;249me[0m[38;5;249ml[0m[38;5;249me[0m[38;5;249mc[0m[38;5;249mt[0m[38;5;249mI[0m[38;5;249ms[0m[38;5;249ms[0m[38;5;249mu[0m[38;5;249me[0m[38;5;249m [0m[38;5;249m}[0m[38;5;249m)[0m[38;5;249m [0m[38;5;249m{[0m
 [38;5;240m    │[0m                                                                                                ──────┬──────  
 [38;5;240m    │[0m                                                                                                      ╰──────── `activeIssueId` has already been declared here
 [38;5;246m124 │[0m [38;5;249m [0m[38;5;249m [0m[38;5;249mc[0m[38;5;249mo[0m[38;5;249mn[0m[38;5;249ms[0m[38;5;249mt[0m[38;5;249m [0m[38;5;249m[[0mactiveIssueId[38;5;249m,[0m[38;5;249m [0m[38;5;249ms[0m[38;5;249me[0m[38;5;249mt[0m[38;5;249mA[0m[38;5;249mc[0m[38;5;249mt[0m[38;5;249mi[0m[38;5;249mv[0m[38;5;249me[0m[38;5;249mI[0m[38;5;249ms[0m[38;5;249ms[0m[38;5;249mu[0m[38;5;249me[0m[38;5;249mI[0m[38;5;249md[0m[38;5;249m][0m[38;5;249m [0m[38;5;249m=[0m[38;5;249m [0m[38;5;249mu[0m[38;5;249ms[0m[38;5;249me[0m[38;5;249mS[0m[38;5;249mt[0m[38;5;249ma[0m[38;5;249mt[0m[38;5;249me[0m[38;5;249m([0m[38;5;249mn[0m[38;5;249mu[0m[38;5;249ml[0m[38;5;249ml[0m[38;5;249m)[0m[38;5;249m;[0m
 [38;5;240m    │[0m          ──────┬──────  
 [38;5;240m    │[0m                ╰──────── It can not be redeclared here
[38;5;246m─────╯[0m

  Plugin: [35mvite:oxc[39m
  File: [36mD:/sahanap/src/components/IssueList.jsx[39m
[2m8:52:11 PM[22m [31m[1m[vite][22m[39m [31mInternal server error: Transform failed with 1 error:

[31m[PARSE_ERROR] Error:[0m Identifier `activeIssueId` has already been declared
     [38;5;246m╭[0m[38;5;246m─[0m[38;5;246m[[0m src/components/IssueList.jsx:123:96 [38;5;246m][0m
     [38;5;246m│[0m
 [38;5;246m123 │[0m [38;5;249mf[0m[38;5;249mu[0m[38;5;249mn[0m[38;5;249mc[0m[38;5;249mt[0m[38;5;249mi[0m[38;5;249mo[0m[38;5;249mn[0m[38;5;249m [0m[38;5;249mI[0m[38;5;249ms[0m[38;5;249ms[0m[38;5;249mu[0m[38;5;249me[0m[38;5;249mL[0m[38;5;249mi[0m[38;5;249ms[0m[38;5;249mt[0m[38;5;249m([0m[38;5;249m{[0m[38;5;249m [0m[38;5;249mi[0m[38;5;249ms[0m[38;5;249ms[0m[38;5;249mu[0m[38;5;249me[0m[38;5;249ms[0m[38;5;249m,[0m[38;5;249m [0m[38;5;249mu[0m[38;5;249ms[0m[38;5;249me[0m[38;5;249mr[0m[38;5;249ms[0m[38;5;249m,[0m[38;5;249m [0m[38;5;249ma[0m[38;5;249mc[0m[38;5;249mt[0m[38;5;249mi[0m[38;5;249mv[0m[38;5;249me[0m[38;5;249mP[0m[38;5;249mr[0m[38;5;249mo[0m[38;5;249mj[0m[38;5;249me[0m[38;5;249mc[0m[38;5;249mt[0m[38;5;249m,[0m[38;5;249m [0m[38;5;249mo[0m[38;5;249mn[0m[38;5;249mC[0m[38;5;249mr[0m[38;5;249me[0m[38;5;249ma[0m[38;5;249mt[0m[38;5;249me[0m[38;5;249mI[0m[38;5;249ms[0m[38;5;249ms[0m[38;5;249mu[0m[38;5;249me[0m[38;5;249m,[0m[38;5;249m [0m[38;5;249mo[0m[38;5;249mn[0m[38;5;249mM[0m[38;5;249mo[0m[38;5;249mv[0m[38;5;249me[0m[38;5;249mI[0m[38;5;249ms[0m[38;5;249ms[0m[38;5;249mu[0m[38;5;249me[0m[38;5;249m,[0m[38;5;249m [0m[38;5;249mc[0m[38;5;249ma[0m[38;5;249mn[0m[38;5;249mC[0m[38;5;249mr[0m[38;5;249me[0m[38;5;249ma[0m[38;5;249mt[0m[38;5;249me[0m[38;5;249mI[0m[38;5;249ms[0m[38;5;249ms[0m[38;5;249mu[0m[38;5;249me[0m[38;5;249m,[0m[38;5;249m [0mactiveIssueId[38;5;249m,[0m[38;5;249m [0m[38;5;249mo[0m[38;5;249mn[0m[38;5;249mS[0m[38;5;249me[0m[38;5;249ml[0m[38;5;249me[0m[38;5;249mc[0m[38;5;249mt[0m[38;5;249mI[0m[38;5;249ms[0m[38;5;249ms[0m[38;5;249mu[0m[38;5;249me[0m[38;5;249m [0m[38;5;249m}[0m[38;5;249m)[0m[38;5;249m [0m[38;5;249m{[0m
 [38;5;240m    │[0m                                                                                                ──────┬──────  
 [38;5;240m    │[0m                                                                                                      ╰──────── `activeIssueId` has already been declared here
 [38;5;246m124 │[0m [38;5;249m [0m[38;5;249m [0m[38;5;249mc[0m[38;5;249mo[0m[38;5;249mn[0m[38;5;249ms[0m[38;5;249mt[0m[38;5;249m [0m[38;5;249m[[0mactiveIssueId[38;5;249m,[0m[38;5;249m [0m[38;5;249ms[0m[38;5;249me[0m[38;5;249mt[0m[38;5;249mA[0m[38;5;249mc[0m[38;5;249mt[0m[38;5;249mi[0m[38;5;249mv[0m[38;5;249me[0m[38;5;249mI[0m[38;5;249ms[0m[38;5;249ms[0m[38;5;249mu[0m[38;5;249me[0m[38;5;249mI[0m[38;5;249md[0m[38;5;249m][0m[38;5;249m [0m[38;5;249m=[0m[38;5;249m [0m[38;5;249mu[0m[38;5;249ms[0m[38;5;249me[0m[38;5;249mS[0m[38;5;249mt[0m[38;5;249ma[0m[38;5;249mt[0m[38;5;249me[0m[38;5;249m([0m[38;5;249mn[0m[38;5;249mu[0m[38;5;249ml[0m[38;5;249ml[0m[38;5;249m)[0m[38;5;249m;[0m
 [38;5;240m    │[0m          ──────┬──────  
 [38;5;240m    │[0m                ╰──────── It can not be redeclared here
[38;5;246m─────╯[0m
[39m
  Plugin: [35mvite:oxc[39m
  File: [36mD:/sahanap/src/components/IssueList.jsx[39m
      at transformWithOxc (file:///D:/sahanap/node_modules/vite/dist/node/chunks/node.js:3343:19)
      at TransformPluginContext.transform (file:///D:/sahanap/node_modules/vite/dist/node/chunks/node.js:3411:26)
      at EnvironmentPluginContainer.transform (file:///D:/sahanap/node_modules/vite/dist/node/chunks/node.js:30164:51)
      at async loadAndTransform (file:///D:/sahanap/node_modules/vite/dist/node/chunks/node.js:24512:26)
      at async viteTransformMiddleware (file:///D:/sahanap/node_modules/vite/dist/node/chunks/node.js:24306:20)
[2m8:52:21 PM[22m [31m[1m[vite][22m[39m [31mInternal server error: Transform failed with 1 error:

[31m[PARSE_ERROR] Error:[0m Identifier `activeIssueId` has already been declared
     [38;5;246m╭[0m[38;5;246m─[0m[38;5;246m[[0m src/components/IssueList.jsx:123:96 [38;5;246m][0m
     [38;5;246m│[0m
 [38;5;246m123 │[0m [38;5;249mf[0m[38;5;249mu[0m[38;5;249mn[0m[38;5;249mc[0m[38;5;249mt[0m[38;5;249mi[0m[38;5;249mo[0m[38;5;249mn[0m[38;5;249m [0m[38;5;249mI[0m[38;5;249ms[0m[38;5;249ms[0m[38;5;249mu[0m[38;5;249me[0m[38;5;249mL[0m[38;5;249mi[0m[38;5;249ms[0m[38;5;249mt[0m[38;5;249m([0m[38;5;249m{[0m[38;5;249m [0m[38;5;249mi[0m[38;5;249ms[0m[38;5;249ms[0m[38;5;249mu[0m[38;5;249me[0m[38;5;249ms[0m[38;5;249m,[0m[38;5;249m [0m[38;5;249mu[0m[38;5;249ms[0m[38;5;249me[0m[38;5;249mr[0m[38;5;249ms[0m[38;5;249m,[0m[38;5;249m [0m[38;5;249ma[0m[38;5;249mc[0m[38;5;249mt[0m[38;5;249mi[0m[38;5;249mv[0m[38;5;249me[0m[38;5;249mP[0m[38;5;249mr[0m[38;5;249mo[0m[38;5;249mj[0m[38;5;249me[0m[38;5;249mc[0m[38;5;249mt[0m[38;5;249m,[0m[38;5;249m [0m[38;5;249mo[0m[38;5;249mn[0m[38;5;249mC[0m[38;5;249mr[0m[38;5;249me[0m[38;5;249ma[0m[38;5;249mt[0m[38;5;249me[0m[38;5;249mI[0m[38;5;249ms[0m[38;5;249ms[0m[38;5;249mu[0m[38;5;249me[0m[38;5;249m,[0m[38;5;249m [0m[38;5;249mo[0m[38;5;249mn[0m[38;5;249mM[0m[38;5;249mo[0m[38;5;249mv[0m[38;5;249me[0m[38;5;249mI[0m[38;5;249ms[0m[38;5;249ms[0m[38;5;249mu[0m[38;5;249me[0m[38;5;249m,[0m[38;5;249m [0m[38;5;249mc[0m[38;5;249ma[0m[38;5;249mn[0m[38;5;249mC[0m[38;5;249mr[0m[38;5;249me[0m[38;5;249ma[0m[38;5;249mt[0m[38;5;249me[0m[38;5;249mI[0m[38;5;249ms[0m[38;5;249ms[0m[38;5;249mu[0m[38;5;249me[0m[38;5;249m,[0m[38;5;249m [0mactiveIssueId[38;5;249m,[0m[38;5;249m [0m[38;5;249mo[0m[38;5;249mn[0m[38;5;249mS[0m[38;5;249me[0m[38;5;249ml[0m[38;5;249me[0m[38;5;249mc[0m[38;5;249mt[0m[38;5;249mI[0m[38;5;249ms[0m[38;5;249ms[0m[38;5;249mu[0m[38;5;249me[0m[38;5;249m [0m[38;5;249m}[0m[38;5;249m)[0m[38;5;249m [0m[38;5;249m{[0m
 [38;5;240m    │[0m                                                                                                ──────┬──────  
 [38;5;240m    │[0m                                                                                                      ╰──────── `activeIssueId` has already been declared here
 [38;5;246m124 │[0m [38;5;249m [0m[38;5;249m [0m[38;5;249mc[0m[38;5;249mo[0m[38;5;249mn[0m[38;5;249ms[0m[38;5;249mt[0m[38;5;249m [0m[38;5;249m[[0mactiveIssueId[38;5;249m,[0m[38;5;249m [0m[38;5;249ms[0m[38;5;249me[0m[38;5;249mt[0m[38;5;249mA[0m[38;5;249mc[0m[38;5;249mt[0m[38;5;249mi[0m[38;5;249mv[0m[38;5;249me[0m[38;5;249mI[0m[38;5;249ms[0m[38;5;249ms[0m[38;5;249mu[0m[38;5;249me[0m[38;5;249mI[0m[38;5;249md[0m[38;5;249m][0m[38;5;249m [0m[38;5;249m=[0m[38;5;249m [0m[38;5;249mu[0m[38;5;249ms[0m[38;5;249me[0m[38;5;249mS[0m[38;5;249mt[0m[38;5;249ma[0m[38;5;249mt[0m[38;5;249me[0m[38;5;249m([0m[38;5;249mn[0m[38;5;249mu[0m[38;5;249ml[0m[38;5;249ml[0m[38;5;249m)[0m[38;5;249m;[0m
 [38;5;240m    │[0m          ──────┬──────  
 [38;5;240m    │[0m                ╰──────── It can not be redeclared here
[38;5;246m─────╯[0m
[39m
  Plugin: [35mvite:oxc[39m
  File: [36mD:/sahanap/src/components/IssueList.jsx[39m
      at transformWithOxc (file:///D:/sahanap/node_modules/vite/dist/node/chunks/node.js:3343:19)
      at TransformPluginContext.transform (file:///D:/sahanap/node_modules/vite/dist/node/chunks/node.js:3411:26)
      at EnvironmentPluginContainer.transform (file:///D:/sahanap/node_modules/vite/dist/node/chunks/node.js:30164:51)
      at async loadAndTransform (file:///D:/sahanap/node_modules/vite/dist/node/chunks/node.js:24512:26)
      at async viteTransformMiddleware (file:///D:/sahanap/node_modules/vite/dist/node/chunks/node.js:24306:20)
[2m9:01:16 PM[22m [31m[1m[vite][22m[39m [31m[2m(client)[22m[39m [2m[console.error] [22mReferenceError: Cannot access 'activeProject' before initialization
    at DashboardApp (http://localhost:5173/src/App.jsx?t=1777390083991:165:21)
    at Object.react_stack_bottom_frame (http://localhost:5173/node_modules/.vite/deps/react-dom_client.js?v=fbf7bef8:12867:12)
    at renderWithHooks (http://localhost:5173/node_modules/.vite/deps/react-dom_client.js?v=fbf7bef8:4212:19)
    at updateFunctionComponent (http://localhost:5173/node_modules/.vite/deps/react-dom_client.js?v=fbf7bef8:5568:16)
    at beginWork (http://localhost:5173/node_modules/.vite/deps/react-dom_client.js?v=fbf7bef8:6139:20)
    at runWithFiberInDEV (http://localhost:5173/node_modules/.vite/deps/react-dom_client.js?v=fbf7bef8:850:66)
    at performUnitOfWork (http://localhost:5173/node_modules/.vite/deps/react-dom_client.js?v=fbf7bef8:8428:92)
    at workLoopSync (http://localhost:5173/node_modules/.vite/deps/react-dom_client.js?v=fbf7bef8:8324:37)
    at renderRootSync (http://localhost:5173/node_modules/.vite/deps/react-dom_client.js?v=fbf7bef8:8308:6)
    at performWorkOnRoot (http://localhost:5173/node_modules/.vite/deps/react-dom_client.js?v=fbf7bef8:7993:27)

The above error occurred in the <DashboardApp> component.

React will try to recreate this component tree from scratch using the error boundary you provided, AppErrorBoundary.

[2m9:01:16 PM[22m [31m[1m[vite][22m[39m [31m[2m(client)[22m[39m [2m[console.error] [22mApp render error ReferenceError: Cannot access 'activeProject' before initialization
    at DashboardApp (http://localhost:5173/src/App.jsx?t=1777390083991:165:21)
    at Object.react_stack_bottom_frame (http://localhost:5173/node_modules/.vite/deps/react-dom_client.js?v=fbf7bef8:12867:12)
    at renderWithHooks (http://localhost:5173/node_modules/.vite/deps/react-dom_client.js?v=fbf7bef8:4212:19)
    at updateFunctionComponent (http://localhost:5173/node_modules/.vite/deps/react-dom_client.js?v=fbf7bef8:5568:16)
    at beginWork (http://localhost:5173/node_modules/.vite/deps/react-dom_client.js?v=fbf7bef8:6139:20)
    at runWithFiberInDEV (http://localhost:5173/node_modules/.vite/deps/react-dom_client.js?v=fbf7bef8:850:66)
    at performUnitOfWork (http://localhost:5173/node_modules/.vite/deps/react-dom_client.js?v=fbf7bef8:8428:92)
    at workLoopSync (http://localhost:5173/node_modules/.vite/deps/react-dom_client.js?v=fbf7bef8:8324:37)
    at renderRootSync (http://localhost:5173/node_modules/.vite/deps/react-dom_client.js?v=fbf7bef8:8308:6)
    at performWorkOnRoot (http://localhost:5173/node_modules/.vite/deps/react-dom_client.js?v=fbf7bef8:7993:27) {"componentStack":"\n    at DashboardApp (http://localhost:5173/src/App.jsx?t=1777390083991:49:34)\n    at ProtectedRoute (http://localhost:5173/src/components/ProtectedRoute.jsx?t=1777388158431:3:27)\n    at App (http://localhost:5173/src/App.jsx?t=1777390083991:770:39)\n    at AuthProvider (http://localhost:5173/src/contexts/AuthContext.jsx:10:25)\n    at AppErrorBoundary (http://localhost:5173/src/components/AppErrorBoundary.jsx:6:3)"}
[2m9:01:26 PM[22m [31m[1m[vite][22m[39m [31m[2m(client)[22m[39m [2m[console.error] [22mReferenceError: Cannot access 'activeProject' before initialization
    at DashboardApp (http://localhost:5173/src/App.jsx?t=1777390083991:165:21)
    at Object.react_stack_bottom_frame (http://localhost:5173/node_modules/.vite/deps/react-dom_client.js?v=fbf7bef8:12867:12)
    at renderWithHooks (http://localhost:5173/node_modules/.vite/deps/react-dom_client.js?v=fbf7bef8:4212:19)
    at updateFunctionComponent (http://localhost:5173/node_modules/.vite/deps/react-dom_client.js?v=fbf7bef8:5568:16)
    at beginWork (http://localhost:5173/node_modules/.vite/deps/react-dom_client.js?v=fbf7bef8:6139:20)
    at runWithFiberInDEV (http://localhost:5173/node_modules/.vite/deps/react-dom_client.js?v=fbf7bef8:850:66)
    at performUnitOfWork (http://localhost:5173/node_modules/.vite/deps/react-dom_client.js?v=fbf7bef8:8428:92)
    at workLoopSync (http://localhost:5173/node_modules/.vite/deps/react-dom_client.js?v=fbf7bef8:8324:37)
    at renderRootSync (http://localhost:5173/node_modules/.vite/deps/react-dom_client.js?v=fbf7bef8:8308:6)
    at performWorkOnRoot (http://localhost:5173/node_modules/.vite/deps/react-dom_client.js?v=fbf7bef8:7993:27)

The above error occurred in the <DashboardApp> component.

React will try to recreate this component tree from scratch using the error boundary you provided, AppErrorBoundary.

[2m9:01:26 PM[22m [31m[1m[vite][22m[39m [31m[2m(client)[22m[39m [2m[console.error] [22mApp render error ReferenceError: Cannot access 'activeProject' before initialization
    at DashboardApp (http://localhost:5173/src/App.jsx?t=1777390083991:165:21)
    at Object.react_stack_bottom_frame (http://localhost:5173/node_modules/.vite/deps/react-dom_client.js?v=fbf7bef8:12867:12)
    at renderWithHooks (http://localhost:5173/node_modules/.vite/deps/react-dom_client.js?v=fbf7bef8:4212:19)
    at updateFunctionComponent (http://localhost:5173/node_modules/.vite/deps/react-dom_client.js?v=fbf7bef8:5568:16)
    at beginWork (http://localhost:5173/node_modules/.vite/deps/react-dom_client.js?v=fbf7bef8:6139:20)
    at runWithFiberInDEV (http://localhost:5173/node_modules/.vite/deps/react-dom_client.js?v=fbf7bef8:850:66)
    at performUnitOfWork (http://localhost:5173/node_modules/.vite/deps/react-dom_client.js?v=fbf7bef8:8428:92)
    at workLoopSync (http://localhost:5173/node_modules/.vite/deps/react-dom_client.js?v=fbf7bef8:8324:37)
    at renderRootSync (http://localhost:5173/node_modules/.vite/deps/react-dom_client.js?v=fbf7bef8:8308:6)
    at performWorkOnRoot (http://localhost:5173/node_modules/.vite/deps/react-dom_client.js?v=fbf7bef8:7993:27) {"componentStack":"\n    at DashboardApp (http://localhost:5173/src/App.jsx?t=1777390083991:49:34)\n    at ProtectedRoute (http://localhost:5173/src/components/ProtectedRoute.jsx?t=1777388158431:3:27)\n    at App (http://localhost:5173/src/App.jsx?t=1777390083991:770:39)\n    at AuthProvider (http://localhost:5173/src/contexts/AuthContext.jsx:10:25)\n    at AppErrorBoundary (http://localhost:5173/src/components/AppErrorBoundary.jsx:6:3)"}
[2m9:01:34 PM[22m [31m[1m[vite][22m[39m [31m[2m(client)[22m[39m [2m[console.error] [22mReferenceError: Cannot access 'activeProject' before initialization
    at DashboardApp (http://localhost:5173/src/App.jsx?t=1777390083991:165:21)
    at Object.react_stack_bottom_frame (http://localhost:5173/node_modules/.vite/deps/react-dom_client.js?v=fbf7bef8:12867:12)
    at renderWithHooks (http://localhost:5173/node_modules/.vite/deps/react-dom_client.js?v=fbf7bef8:4212:19)
    at updateFunctionComponent (http://localhost:5173/node_modules/.vite/deps/react-dom_client.js?v=fbf7bef8:5568:16)
    at beginWork (http://localhost:5173/node_modules/.vite/deps/react-dom_client.js?v=fbf7bef8:6139:20)
    at runWithFiberInDEV (http://localhost:5173/node_modules/.vite/deps/react-dom_client.js?v=fbf7bef8:850:66)
    at performUnitOfWork (http://localhost:5173/node_modules/.vite/deps/react-dom_client.js?v=fbf7bef8:8428:92)
    at workLoopSync (http://localhost:5173/node_modules/.vite/deps/react-dom_client.js?v=fbf7bef8:8324:37)
    at renderRootSync (http://localhost:5173/node_modules/.vite/deps/react-dom_client.js?v=fbf7bef8:8308:6)
    at performWorkOnRoot (http://localhost:5173/node_modules/.vite/deps/react-dom_client.js?v=fbf7bef8:7993:27)

The above error occurred in the <DashboardApp> component.

React will try to recreate this component tree from scratch using the error boundary you provided, AppErrorBoundary.

[2m9:01:34 PM[22m [31m[1m[vite][22m[39m [31m[2m(client)[22m[39m [2m[console.error] [22mApp render error ReferenceError: Cannot access 'activeProject' before initialization
    at DashboardApp (http://localhost:5173/src/App.jsx?t=1777390083991:165:21)
    at Object.react_stack_bottom_frame (http://localhost:5173/node_modules/.vite/deps/react-dom_client.js?v=fbf7bef8:12867:12)
    at renderWithHooks (http://localhost:5173/node_modules/.vite/deps/react-dom_client.js?v=fbf7bef8:4212:19)
    at updateFunctionComponent (http://localhost:5173/node_modules/.vite/deps/react-dom_client.js?v=fbf7bef8:5568:16)
    at beginWork (http://localhost:5173/node_modules/.vite/deps/react-dom_client.js?v=fbf7bef8:6139:20)
    at runWithFiberInDEV (http://localhost:5173/node_modules/.vite/deps/react-dom_client.js?v=fbf7bef8:850:66)
    at performUnitOfWork (http://localhost:5173/node_modules/.vite/deps/react-dom_client.js?v=fbf7bef8:8428:92)
    at workLoopSync (http://localhost:5173/node_modules/.vite/deps/react-dom_client.js?v=fbf7bef8:8324:37)
    at renderRootSync (http://localhost:5173/node_modules/.vite/deps/react-dom_client.js?v=fbf7bef8:8308:6)
    at performWorkOnRoot (http://localhost:5173/node_modules/.vite/deps/react-dom_client.js?v=fbf7bef8:7993:27) {"componentStack":"\n    at DashboardApp (http://localhost:5173/src/App.jsx?t=1777390083991:49:34)\n    at ProtectedRoute (http://localhost:5173/src/components/ProtectedRoute.jsx?t=1777388158431:3:27)\n    at App (http://localhost:5173/src/App.jsx?t=1777390083991:770:39)\n    at AuthProvider (http://localhost:5173/src/contexts/AuthContext.jsx:10:25)\n    at AppErrorBoundary (http://localhost:5173/src/components/AppErrorBoundary.jsx:6:3)"}
[2m9:01:35 PM[22m [31m[1m[vite][22m[39m [31m[2m(client)[22m[39m [2m[console.error] [22mReferenceError: Cannot access 'activeProject' before initialization
    at DashboardApp (http://localhost:5173/src/App.jsx?t=1777390083991:165:21)
    at Object.react_stack_bottom_frame (http://localhost:5173/node_modules/.vite/deps/react-dom_client.js?v=fbf7bef8:12867:12)
    at renderWithHooks (http://localhost:5173/node_modules/.vite/deps/react-dom_client.js?v=fbf7bef8:4212:19)
    at updateFunctionComponent (http://localhost:5173/node_modules/.vite/deps/react-dom_client.js?v=fbf7bef8:5568:16)
    at beginWork (http://localhost:5173/node_modules/.vite/deps/react-dom_client.js?v=fbf7bef8:6139:20)
    at runWithFiberInDEV (http://localhost:5173/node_modules/.vite/deps/react-dom_client.js?v=fbf7bef8:850:66)
    at performUnitOfWork (http://localhost:5173/node_modules/.vite/deps/react-dom_client.js?v=fbf7bef8:8428:92)
    at workLoopSync (http://localhost:5173/node_modules/.vite/deps/react-dom_client.js?v=fbf7bef8:8324:37)
    at renderRootSync (http://localhost:5173/node_modules/.vite/deps/react-dom_client.js?v=fbf7bef8:8308:6)
    at performWorkOnRoot (http://localhost:5173/node_modules/.vite/deps/react-dom_client.js?v=fbf7bef8:7993:27)

The above error occurred in the <DashboardApp> component.

React will try to recreate this component tree from scratch using the error boundary you provided, AppErrorBoundary.

[2m9:01:35 PM[22m [31m[1m[vite][22m[39m [31m[2m(client)[22m[39m [2m[console.error] [22mApp render error ReferenceError: Cannot access 'activeProject' before initialization
    at DashboardApp (http://localhost:5173/src/App.jsx?t=1777390083991:165:21)
    at Object.react_stack_bottom_frame (http://localhost:5173/node_modules/.vite/deps/react-dom_client.js?v=fbf7bef8:12867:12)
    at renderWithHooks (http://localhost:5173/node_modules/.vite/deps/react-dom_client.js?v=fbf7bef8:4212:19)
    at updateFunctionComponent (http://localhost:5173/node_modules/.vite/deps/react-dom_client.js?v=fbf7bef8:5568:16)
    at beginWork (http://localhost:5173/node_modules/.vite/deps/react-dom_client.js?v=fbf7bef8:6139:20)
    at runWithFiberInDEV (http://localhost:5173/node_modules/.vite/deps/react-dom_client.js?v=fbf7bef8:850:66)
    at performUnitOfWork (http://localhost:5173/node_modules/.vite/deps/react-dom_client.js?v=fbf7bef8:8428:92)
    at workLoopSync (http://localhost:5173/node_modules/.vite/deps/react-dom_client.js?v=fbf7bef8:8324:37)
    at renderRootSync (http://localhost:5173/node_modules/.vite/deps/react-dom_client.js?v=fbf7bef8:8308:6)
    at performWorkOnRoot (http://localhost:5173/node_modules/.vite/deps/react-dom_client.js?v=fbf7bef8:7993:27) {"componentStack":"\n    at DashboardApp (http://localhost:5173/src/App.jsx?t=1777390083991:49:34)\n    at ProtectedRoute (http://localhost:5173/src/components/ProtectedRoute.jsx?t=1777388158431:3:27)\n    at App (http://localhost:5173/src/App.jsx?t=1777390083991:770:39)\n    at AuthProvider (http://localhost:5173/src/contexts/AuthContext.jsx:10:25)\n    at AppErrorBoundary (http://localhost:5173/src/components/AppErrorBoundary.jsx:6:3)"}
[2m9:01:36 PM[22m [31m[1m[vite][22m[39m [31m[2m(client)[22m[39m [2m[console.error] [22mReferenceError: Cannot access 'activeProject' before initialization
    at DashboardApp (http://localhost:5173/src/App.jsx?t=1777390083991:165:21)
    at Object.react_stack_bottom_frame (http://localhost:5173/node_modules/.vite/deps/react-dom_client.js?v=fbf7bef8:12867:12)
    at renderWithHooks (http://localhost:5173/node_modules/.vite/deps/react-dom_client.js?v=fbf7bef8:4212:19)
    at updateFunctionComponent (http://localhost:5173/node_modules/.vite/deps/react-dom_client.js?v=fbf7bef8:5568:16)
    at beginWork (http://localhost:5173/node_modules/.vite/deps/react-dom_client.js?v=fbf7bef8:6139:20)
    at runWithFiberInDEV (http://localhost:5173/node_modules/.vite/deps/react-dom_client.js?v=fbf7bef8:850:66)
    at performUnitOfWork (http://localhost:5173/node_modules/.vite/deps/react-dom_client.js?v=fbf7bef8:8428:92)
    at workLoopSync (http://localhost:5173/node_modules/.vite/deps/react-dom_client.js?v=fbf7bef8:8324:37)
    at renderRootSync (http://localhost:5173/node_modules/.vite/deps/react-dom_client.js?v=fbf7bef8:8308:6)
    at performWorkOnRoot (http://localhost:5173/node_modules/.vite/deps/react-dom_client.js?v=fbf7bef8:7993:27)

The above error occurred in the <DashboardApp> component.

React will try to recreate this component tree from scratch using the error boundary you provided, AppErrorBoundary.

[2m9:01:36 PM[22m [31m[1m[vite][22m[39m [31m[2m(client)[22m[39m [2m[console.error] [22mApp render error ReferenceError: Cannot access 'activeProject' before initialization
    at DashboardApp (http://localhost:5173/src/App.jsx?t=1777390083991:165:21)
    at Object.react_stack_bottom_frame (http://localhost:5173/node_modules/.vite/deps/react-dom_client.js?v=fbf7bef8:12867:12)
    at renderWithHooks (http://localhost:5173/node_modules/.vite/deps/react-dom_client.js?v=fbf7bef8:4212:19)
    at updateFunctionComponent (http://localhost:5173/node_modules/.vite/deps/react-dom_client.js?v=fbf7bef8:5568:16)
    at beginWork (http://localhost:5173/node_modules/.vite/deps/react-dom_client.js?v=fbf7bef8:6139:20)
    at runWithFiberInDEV (http://localhost:5173/node_modules/.vite/deps/react-dom_client.js?v=fbf7bef8:850:66)
    at performUnitOfWork (http://localhost:5173/node_modules/.vite/deps/react-dom_client.js?v=fbf7bef8:8428:92)
    at workLoopSync (http://localhost:5173/node_modules/.vite/deps/react-dom_client.js?v=fbf7bef8:8324:37)
    at renderRootSync (http://localhost:5173/node_modules/.vite/deps/react-dom_client.js?v=fbf7bef8:8308:6)
    at performWorkOnRoot (http://localhost:5173/node_modules/.vite/deps/react-dom_client.js?v=fbf7bef8:7993:27) {"componentStack":"\n    at DashboardApp (http://localhost:5173/src/App.jsx?t=1777390083991:49:34)\n    at ProtectedRoute (http://localhost:5173/src/components/ProtectedRoute.jsx?t=1777388158431:3:27)\n    at App (http://localhost:5173/src/App.jsx?t=1777390083991:770:39)\n    at AuthProvider (http://localhost:5173/src/contexts/AuthContext.jsx:10:25)\n    at AppErrorBoundary (http://localhost:5173/src/components/AppErrorBoundary.jsx:6:3)"}
